Jan 22 09:57:37 UBUSRV01 systemd-logind[662]: New seat seat0.
Jan 22 09:57:37 UBUSRV01 systemd-logind[662]: Watching system buttons on /dev/input/event0 (Power Button)
Jan 22 09:57:37 UBUSRV01 systemd-logind[662]: Watching system buttons on /dev/input/event1 (Sleep Button)
Jan 22 09:57:37 UBUSRV01 systemd-logind[662]: Watching system buttons on /dev/input/event2 (AT Translated Set 2 keyboard)
Jan 22 09:57:38 UBUSRV01 sshd[747]: Server listening on 0.0.0.0 port 22.
Jan 22 09:57:38 UBUSRV01 sshd[747]: Server listening on :: port 22.
Jan 22 09:58:24 UBUSRV01 login[679]: pam_unix(login:session): session opened for user eilay(uid=1000) by LOGIN(uid=0)
Jan 22 09:58:24 UBUSRV01 systemd-logind[662]: New session 1 of user eilay.
Jan 22 09:58:25 UBUSRV01 systemd: pam_unix(systemd-user:session): session opened for user eilay(uid=1000) by (uid=0)
Jan 22 09:59:37 UBUSRV01 systemd-logind[662]: New seat seat0.
Jan 22 09:59:37 UBUSRV01 systemd-logind[662]: Watching system buttons on /dev/input/event0 (Power Button)
Jan 22 09:59:37 UBUSRV01 systemd-logind[662]: Watching system buttons on /dev/input/event1 (Sleep Button)
Jan 22 09:59:37 UBUSRV01 systemd-logind[662]: Watching system buttons on /dev/input/event2 (AT Translated Set 2 keyboard)
Jan 22 09:59:39 UBUSRV01 sshd[810]: Server listening on 0.0.0.0 port 22.
Jan 22 09:59:39 UBUSRV01 sshd[810]: Server listening on :: port 22.
Jan 22 10:03:39 UBUSRV01 login[686]: pam_unix(login:auth): authentication failure; logname=LOGIN uid=0 euid=0 tty=/dev/tty1 ruser= rhost=  user=eilay
Jan 22 10:03:43 UBUSRV01 login[686]: FAILED LOGIN (1) on '/dev/tty1' FOR 'eilay', Authentication failure
Jan 22 10:03:53 UBUSRV01 login[686]: pam_unix(login:session): session opened for user eilay(uid=1000) by LOGIN(uid=0)
Jan 22 10:03:53 UBUSRV01 systemd-logind[662]: New session 1 of user eilay.
Jan 22 10:03:53 UBUSRV01 systemd: pam_unix(systemd-user:session): session opened for user eilay(uid=1000) by (uid=0)                                                                                                                                                                                                                                                            Jan 23 10:09:17 UBUSRV01 systemd-logind[660]: New seat seat0.
Jan 23 10:09:17 UBUSRV01 systemd-logind[660]: Watching system buttons on /dev/input/event0 (Power Button)
Jan 23 10:09:17 UBUSRV01 systemd-logind[660]: Watching system buttons on /dev/input/event1 (Sleep Button)
Jan 23 10:09:17 UBUSRV01 systemd-logind[660]: Watching system buttons on /dev/input/event2 (AT Translated Set 2 keyboard)
Jan 23 10:09:19 UBUSRV01 sshd[750]: Server listening on 0.0.0.0 port 22.
Jan 23 10:09:19 UBUSRV01 sshd[750]: Server listening on :: port 22.
Jan 23 10:09:26 UBUSRV01 sshd[758]: pam_unix(sshd:auth): authentication failure; logname= uid=0 euid=0 tty=ssh ruser= rhost=192.168.2.10  user=eilay
Jan 23 10:09:29 UBUSRV01 sshd[758]: Failed password for eilay from 192.168.2.10 port 65102 ssh2
Jan 23 10:09:30 UBUSRV01 sshd[758]: fatal: userauth_finish: send failure packet: Connection reset by peer [preauth]
Jan 23 10:09:32 UBUSRV01 sshd[1074]: Accepted password for eilay from 192.168.2.10 port 65107 ssh2
Jan 23 10:09:32 UBUSRV01 sshd[1074]: pam_unix(sshd:session): session opened for user eilay(uid=1000) by (uid=0)
Jan 23 10:09:32 UBUSRV01 systemd-logind[660]: New session 1 of user eilay.
Jan 23 10:09:32 UBUSRV01 systemd: pam_unix(systemd-user:session): session opened for user eilay(uid=1000) by (uid=0)
Jan 23 10:09:39 UBUSRV01 sudo:    eilay : TTY=pts/0 ; PWD=/home/eilay ; USER=root ; COMMAND=/usr/bin/su
Jan 23 10:09:39 UBUSRV01 sudo: pam_unix(sudo:session): session opened for user root(uid=0) by eilay(uid=1000)
Jan 23 10:09:39 UBUSRV01 su: (to root) root on pts/1
Jan 23 10:09:39 UBUSRV01 su: pam_unix(su:session): session opened for user root(uid=0) by eilay(uid=0)
Jan 23 10:09:50 UBUSRV01 sudo:     root : TTY=pts/1 ; PWD=/home/eilay ; USER=root ; COMMAND=/usr/bin/nano /root/.bashrc
Jan 23 10:09:50 UBUSRV01 sudo: pam_unix(sudo:session): session opened for user root(uid=0) by eilay(uid=0)
Jan 23 10:10:11 UBUSRV01 sudo: pam_unix(sudo:session): session closed for user root
Jan 23 10:10:20 UBUSRV01 su: pam_unix(su:session): session closed for user root
Jan 23 10:10:20 UBUSRV01 sudo: pam_unix(sudo:session): session closed for user root
Jan 23 10:10:24 UBUSRV01 sudo:    eilay : TTY=pts/0 ; PWD=/home/eilay ; USER=root ; COMMAND=/usr/bin/su
Jan 23 10:10:24 UBUSRV01 sudo: pam_unix(sudo:session): session opened for user root(uid=0) by eilay(uid=1000)
Jan 23 10:10:24 UBUSRV01 su: (to root) root on pts/1
Jan 23 10:10:24 UBUSRV01 su: pam_unix(su:session): session opened for user root(uid=0) by eilay(uid=0)
Jan 23 10:10:30 UBUSRV01 su: pam_unix(su:session): session closed for user root
Jan 23 10:10:30 UBUSRV01 sudo: pam_unix(sudo:session): session closed for user root
Jan 23 10:10:47 UBUSRV01 login[686]: pam_unix(login:session): session opened for user eilay(uid=1000) by LOGIN(uid=0)
Jan 23 10:10:47 UBUSRV01 systemd-logind[660]: New session 3 of user eilay.
Jan 23 10:10:52 UBUSRV01 sudo:    eilay : TTY=tty1 ; PWD=/home/eilay ; USER=root ; COMMAND=/usr/bin/su
Jan 23 10:10:52 UBUSRV01 sudo: pam_unix(sudo:session): session opened for user root(uid=0) by eilay(uid=1000)
Jan 23 10:10:52 UBUSRV01 su: (to root) root on pts/1
Jan 23 10:10:52 UBUSRV01 su: pam_unix(su:session): session opened for user root(uid=0) by eilay(uid=0)
Jan 23 10:10:54 UBUSRV01 su: pam_unix(su:session): session closed for user root
Jan 23 10:10:54 UBUSRV01 sudo: pam_unix(sudo:session): session closed for user root
Jan 23 10:11:39 UBUSRV01 sudo:    eilay : TTY=pts/0 ; PWD=/home/eilay ; USER=root ; COMMAND=/usr/bin/su
Jan 23 10:11:39 UBUSRV01 sudo: pam_unix(sudo:session): session opened for user root(uid=0) by eilay(uid=1000)
Jan 23 10:11:39 UBUSRV01 su: (to root) root on pts/1
Jan 23 10:11:39 UBUSRV01 su: pam_unix(su:session): session opened for user root(uid=0) by eilay(uid=0)
Jan 23 10:11:43 UBUSRV01 sudo:     root : TTY=pts/1 ; PWD=/home/eilay ; USER=root ; COMMAND=/usr/bin/nano /root/.bashrc
Jan 23 10:11:43 UBUSRV01 sudo: pam_unix(sudo:session): session opened for user root(uid=0) by eilay(uid=0)
Jan 23 10:11:59 UBUSRV01 sudo: pam_unix(sudo:session): session closed for user root
Jan 23 10:12:05 UBUSRV01 su: pam_unix(su:session): session closed for user root
Jan 23 10:12:05 UBUSRV01 sudo: pam_unix(sudo:session): session closed for user root
Jan 23 10:12:10 UBUSRV01 sudo:    eilay : TTY=tty1 ; PWD=/home/eilay ; USER=root ; COMMAND=/usr/bin/su
Jan 23 10:12:10 UBUSRV01 sudo: pam_unix(sudo:session): session opened for user root(uid=0) by eilay(uid=1000)
Jan 23 10:12:10 UBUSRV01 su: (to root) root on pts/1
Jan 23 10:12:10 UBUSRV01 su: pam_unix(su:session): session opened for user root(uid=0) by eilay(uid=0)
Jan 23 10:12:12 UBUSRV01 su: pam_unix(su:session): session closed for user root
Jan 23 10:12:12 UBUSRV01 sudo: pam_unix(sudo:session): session closed for user root
Jan 23 10:12:24 UBUSRV01 sudo:    eilay : TTY=pts/0 ; PWD=/home/eilay ; USER=root ; COMMAND=/usr/bin/su
Jan 23 10:12:24 UBUSRV01 sudo: pam_unix(sudo:session): session opened for user root(uid=0) by eilay(uid=1000)
Jan 23 10:12:24 UBUSRV01 su: (to root) root on pts/1
Jan 23 10:12:24 UBUSRV01 su: pam_unix(su:session): session opened for user root(uid=0) by eilay(uid=0)
Jan 23 10:12:43 UBUSRV01 su: pam_unix(su:session): session closed for user root
Jan 23 10:12:43 UBUSRV01 sudo: pam_unix(sudo:session): session closed for user root
Jan 23 10:12:44 UBUSRV01 sudo:    eilay : TTY=pts/0 ; PWD=/home/eilay ; USER=root ; COMMAND=/usr/bin/timedatectl set-timezone Asia/Jerusalem
Jan 23 10:12:44 UBUSRV01 sudo: pam_unix(sudo:session): session opened for user root(uid=0) by eilay(uid=1000)
Jan 23 10:12:44 UBUSRV01 sudo: pam_unix(sudo:session): session closed for user root
Jan 23 10:12:49 UBUSRV01 sudo:    eilay : TTY=pts/0 ; PWD=/home/eilay ; USER=root ; COMMAND=/usr/bin/su
Jan 23 10:12:49 UBUSRV01 sudo: pam_unix(sudo:session): session opened for user root(uid=0) by eilay(uid=1000)
Jan 23 10:12:49 UBUSRV01 su: (to root) root on pts/1
Jan 23 10:12:49 UBUSRV01 su: pam_unix(su:session): session opened for user root(uid=0) by eilay(uid=0)
Jan 23 10:12:52 UBUSRV01 sudo:     root : TTY=pts/1 ; PWD=/home/eilay ; USER=root ; COMMAND=/usr/bin/nano /root/.bashrc
Jan 23 10:12:52 UBUSRV01 sudo: pam_unix(sudo:session): session opened for user root(uid=0) by eilay(uid=0)
Jan 23 10:13:22 UBUSRV01 sudo: pam_unix(sudo:session): session closed for user root
Jan 23 10:13:26 UBUSRV01 su: pam_unix(su:session): session closed for user root
Jan 23 10:13:26 UBUSRV01 sudo: pam_unix(sudo:session): session closed for user root
Jan 23 10:14:05 UBUSRV01 sudo:    eilay : TTY=pts/0 ; PWD=/home/eilay ; USER=root ; COMMAND=/usr/bin/su
Jan 23 10:14:05 UBUSRV01 sudo: pam_unix(sudo:session): session opened for user root(uid=0) by eilay(uid=1000)
Jan 23 10:14:05 UBUSRV01 su: (to root) root on pts/1
Jan 23 10:14:05 UBUSRV01 su: pam_unix(su:session): session opened for user root(uid=0) by eilay(uid=0)
Jan 23 10:14:06 UBUSRV01 sudo:     root : TTY=pts/1 ; PWD=/home/eilay ; USER=root ; COMMAND=/usr/bin/nano /root/.bashrc
Jan 23 10:14:06 UBUSRV01 sudo: pam_unix(sudo:session): session opened for user root(uid=0) by eilay(uid=0)
Jan 23 10:14:22 UBUSRV01 sudo: pam_unix(sudo:session): session closed for user root
Jan 23 10:14:36 UBUSRV01 sudo:    eilay : TTY=tty1 ; PWD=/home/eilay ; USER=root ; COMMAND=/usr/bin/su
Jan 23 10:14:36 UBUSRV01 sudo: pam_unix(sudo:session): session opened for user root(uid=0) by eilay(uid=1000)
Jan 23 10:14:36 UBUSRV01 su: (to root) root on pts/2
Jan 23 10:14:36 UBUSRV01 su: pam_unix(su:session): session opened for user root(uid=0) by eilay(uid=0)
Jan 23 10:14:51 UBUSRV01 su: pam_unix(su:session): session closed for user root
Jan 23 10:14:51 UBUSRV01 sudo: pam_unix(sudo:session): session closed for user root
Jan 23 10:17:01 UBUSRV01 CRON[1394]: pam_unix(cron:session): session opened for user root(uid=0) by (uid=0)
Jan 23 10:17:01 UBUSRV01 CRON[1394]: pam_unix(cron:session): session closed for user root
Jan 23 11:17:01 UBUSRV01 CRON[1489]: pam_unix(cron:session): session opened for user root(uid=0) by (uid=0)
Jan 23 11:17:02 UBUSRV01 CRON[1489]: pam_unix(cron:session): session closed for user root
Jan 23 11:33:23 UBUSRV01 systemd-logind[665]: New seat seat0.
Jan 23 11:33:23 UBUSRV01 systemd-logind[665]: Watching system buttons on /dev/input/event0 (Power Button)
Jan 23 11:33:23 UBUSRV01 systemd-logind[665]: Watching system buttons on /dev/input/event1 (Sleep Button)
Jan 23 11:33:23 UBUSRV01 systemd-logind[665]: Watching system buttons on /dev/input/event2 (AT Translated Set 2 keyboard)
Jan 23 11:33:24 UBUSRV01 sshd[749]: Server listening on 0.0.0.0 port 22.
Jan 23 11:33:24 UBUSRV01 sshd[749]: Server listening on :: port 22.
Jan 23 11:33:33 UBUSRV01 login[676]: pam_unix(login:session): session opened for user eilay(uid=1000) by LOGIN(uid=0)
Jan 23 11:33:33 UBUSRV01 systemd-logind[665]: New session 1 of user eilay.
Jan 23 11:33:33 UBUSRV01 systemd: pam_unix(systemd-user:session): session opened for user eilay(uid=1000) by (uid=0)
Jan 23 11:33:38 UBUSRV01 sudo:    eilay : TTY=tty1 ; PWD=/home/eilay ; USER=root ; COMMAND=/usr/bin/su
Jan 23 11:33:38 UBUSRV01 sudo: pam_unix(sudo:session): session opened for user root(uid=0) by eilay(uid=1000)
Jan 23 11:33:38 UBUSRV01 su: (to root) root on pts/0
Jan 23 11:33:38 UBUSRV01 su: pam_unix(su:session): session opened for user root(uid=0) by eilay(uid=0)
Jan 23 11:34:40 UBUSRV01 sudo:     root : TTY=pts/0 ; PWD=/home/eilay ; USER=root ; COMMAND=/usr/bin/nano /root/.bashrc
Jan 23 11:34:40 UBUSRV01 sudo: pam_unix(sudo:session): session opened for user root(uid=0) by eilay(uid=0)
Jan 23 11:35:03 UBUSRV01 sudo: pam_unix(sudo:session): session closed for user root
Jan 23 11:35:14 UBUSRV01 sshd[1229]: Accepted password for eilay from 192.168.2.10 port 50765 ssh2
Jan 23 11:35:14 UBUSRV01 sshd[1229]: pam_unix(sshd:session): session opened for user eilay(uid=1000) by (uid=0)
Jan 23 11:35:14 UBUSRV01 systemd-logind[665]: New session 3 of user eilay.
Jan 23 11:35:18 UBUSRV01 sudo: pam_unix(sudo:auth): authentication failure; logname=eilay uid=1000 euid=0 tty=/dev/pts/1 ruser=eilay rhost=  user=eilay
Jan 23 11:35:26 UBUSRV01 sudo:    eilay : TTY=pts/1 ; PWD=/home/eilay ; USER=root ; COMMAND=/usr/bin/su
Jan 23 11:35:26 UBUSRV01 sudo: pam_unix(sudo:session): session opened for user root(uid=0) by eilay(uid=1000)
Jan 23 11:35:26 UBUSRV01 su: (to root) root on pts/2
Jan 23 11:35:26 UBUSRV01 su: pam_unix(su:session): session opened for user root(uid=0) by eilay(uid=0)
Jan 23 11:35:29 UBUSRV01 sudo:     root : TTY=pts/2 ; PWD=/home/eilay ; USER=root ; COMMAND=/usr/bin/nano /root/.bashrc
Jan 23 11:35:29 UBUSRV01 sudo: pam_unix(sudo:session): session opened for user root(uid=0) by eilay(uid=0)
Jan 23 11:35:49 UBUSRV01 sudo: pam_unix(sudo:session): session closed for user root
Jan 23 11:35:59 UBUSRV01 su: pam_unix(su:session): session closed for user root
Jan 23 11:35:59 UBUSRV01 sudo: pam_unix(sudo:session): session closed for user root
Jan 23 11:36:01 UBUSRV01 sudo:    eilay : TTY=tty1 ; PWD=/home/eilay ; USER=root ; COMMAND=/usr/bin/su
Jan 23 11:36:01 UBUSRV01 sudo: pam_unix(sudo:session): session opened for user root(uid=0) by eilay(uid=1000)
Jan 23 11:36:01 UBUSRV01 su: (to root) root on pts/0
Jan 23 11:36:01 UBUSRV01 su: pam_unix(su:session): session opened for user root(uid=0) by eilay(uid=0)
Jan 23 11:37:38 UBUSRV01 su: pam_unix(su:session): session closed for user root
Jan 23 11:37:38 UBUSRV01 sudo: pam_unix(sudo:session): session closed for user root
Jan 23 11:38:52 UBUSRV01 sudo:    eilay : TTY=pts/1 ; PWD=/home/eilay ; USER=root ; COMMAND=/usr/bin/su
Jan 23 11:38:52 UBUSRV01 sudo: pam_unix(sudo:session): session opened for user root(uid=0) by eilay(uid=1000)
Jan 23 11:38:52 UBUSRV01 su: (to root) root on pts/2
Jan 23 11:38:52 UBUSRV01 su: pam_unix(su:session): session opened for user root(uid=0) by eilay(uid=0)
Jan 23 11:39:06 UBUSRV01 sudo:     root : TTY=pts/2 ; PWD=/home/eilay ; USER=root ; COMMAND=/usr/bin/nano /root/.bashrc
Jan 23 11:39:06 UBUSRV01 sudo: pam_unix(sudo:session): session opened for user root(uid=0) by eilay(uid=0)
Jan 23 11:39:07 UBUSRV01 sudo: pam_unix(sudo:session): session closed for user root
Jan 23 11:39:21 UBUSRV01 su: pam_unix(su:session): session closed for user root
Jan 23 11:39:21 UBUSRV01 sudo: pam_unix(sudo:session): session closed for user root
Jan 23 11:39:34 UBUSRV01 su: pam_unix(su:session): session closed for user root
Jan 23 11:39:34 UBUSRV01 sudo: pam_unix(sudo:session): session closed for user root
Jan 23 11:39:38 UBUSRV01 systemd-logind[665]: System is rebooting.
Jan 23 11:39:38 UBUSRV01 sshd[1229]: pam_unix(sshd:session): session closed for user eilay
Jan 23 11:39:38 UBUSRV01 sshd[1229]: pam_systemd(sshd:session): Failed to release session: Interrupted system call
Jan 23 11:40:16 UBUSRV01 systemd-logind[662]: New seat seat0.
Jan 23 11:40:16 UBUSRV01 systemd-logind[662]: Watching system buttons on /dev/input/event0 (Power Button)
Jan 23 11:40:16 UBUSRV01 systemd-logind[662]: Watching system buttons on /dev/input/event1 (Sleep Button)
Jan 23 11:40:16 UBUSRV01 systemd-logind[662]: Watching system buttons on /dev/input/event2 (AT Translated Set 2 keyboard)
Jan 23 11:40:16 UBUSRV01 sshd[744]: Server listening on 0.0.0.0 port 22.
Jan 23 11:40:16 UBUSRV01 sshd[744]: Server listening on :: port 22.
Jan 23 11:40:26 UBUSRV01 login[682]: pam_unix(login:auth): check pass; user unknown
Jan 23 11:40:26 UBUSRV01 login[682]: pam_unix(login:auth): authentication failure; logname=LOGIN uid=0 euid=0 tty=/dev/tty1 ruser= rhost= 
Jan 23 11:40:28 UBUSRV01 login[682]: FAILED LOGIN (1) on '/dev/tty1' FOR 'UNKNOWN', Authentication failure
Jan 23 11:40:33 UBUSRV01 login[682]: pam_unix(login:session): session opened for user eilay(uid=1000) by LOGIN(uid=0)
Jan 23 11:40:33 UBUSRV01 systemd-logind[662]: New session 1 of user eilay.
Jan 23 11:40:33 UBUSRV01 systemd: pam_unix(systemd-user:session): session opened for user eilay(uid=1000) by (uid=0)
Jan 23 11:41:58 UBUSRV01 systemd-logind[662]: New seat seat0.
Jan 23 11:41:58 UBUSRV01 systemd-logind[662]: Watching system buttons on /dev/input/event0 (Power Button)
Jan 23 11:41:58 UBUSRV01 systemd-logind[662]: Watching system buttons on /dev/input/event1 (Sleep Button)
Jan 23 11:41:58 UBUSRV01 systemd-logind[662]: Watching system buttons on /dev/input/event2 (AT Translated Set 2 keyboard)
Jan 23 11:41:59 UBUSRV01 sshd[749]: Server listening on 0.0.0.0 port 22.
Jan 23 11:41:59 UBUSRV01 sshd[749]: Server listening on :: port 22.
Jan 23 11:42:42 UBUSRV01 sshd[1076]: Accepted password for eilay from 192.168.2.10 port 61978 ssh2
Jan 23 11:42:42 UBUSRV01 sshd[1076]: pam_unix(sshd:session): session opened for user eilay(uid=1000) by (uid=0)
Jan 23 11:42:42 UBUSRV01 systemd-logind[662]: New session 1 of user eilay.
Jan 23 11:42:42 UBUSRV01 systemd: pam_unix(systemd-user:session): session opened for user eilay(uid=1000) by (uid=0)
Jan 23 11:44:12 UBUSRV01 sudo:    eilay : TTY=pts/0 ; PWD=/home ; USER=root ; COMMAND=/usr/bin/su
Jan 23 11:44:12 UBUSRV01 sudo: pam_unix(sudo:session): session opened for user root(uid=0) by eilay(uid=1000)
Jan 23 11:44:12 UBUSRV01 su: (to root) root on pts/1
Jan 23 11:44:12 UBUSRV01 su: pam_unix(su:session): session opened for user root(uid=0) by eilay(uid=0)
Jan 23 11:55:52 UBUSRV01 sudo:     root : TTY=pts/1 ; PWD=/home ; USER=root ; COMMAND=/usr/bin/ls /var/log/ufw*
Jan 23 11:55:52 UBUSRV01 sudo: pam_unix(sudo:session): session opened for user root(uid=0) by eilay(uid=0)
Jan 23 11:55:52 UBUSRV01 sudo: pam_unix(sudo:session): session closed for user root
Jan 23 11:58:04 UBUSRV01 sudo:     root : TTY=pts/1 ; PWD=/home ; USER=root ; COMMAND=/usr/bin/systemctl restart rsyslog
Jan 23 11:58:04 UBUSRV01 sudo: pam_unix(sudo:session): session opened for user root(uid=0) by eilay(uid=0)
Jan 23 11:58:04 UBUSRV01 sudo: pam_unix(sudo:session): session closed for user root
Jan 23 12:17:01 UBUSRV01 CRON[1888]: pam_unix(cron:session): session opened for user root(uid=0) by (uid=0)
Jan 23 12:17:01 UBUSRV01 CRON[1888]: pam_unix(cron:session): session closed for user root
Jan 23 12:29:33 UBUSRV01 login[689]: pam_unix(login:session): session opened for user eilay(uid=1000) by LOGIN(uid=0)
Jan 23 12:29:33 UBUSRV01 systemd-logind[662]: New session 4 of user eilay.
Jan 23 12:29:49 UBUSRV01 sudo:    eilay : TTY=tty1 ; PWD=/home/eilay ; USER=root ; COMMAND=/usr/bin/su
Jan 23 12:29:49 UBUSRV01 sudo: pam_unix(sudo:session): session opened for user root(uid=0) by eilay(uid=1000)
Jan 23 12:29:49 UBUSRV01 su: (to root) root on pts/2
Jan 23 12:29:49 UBUSRV01 su: pam_unix(su:session): session opened for user root(uid=0) by eilay(uid=0)
Jan 23 12:30:43 UBUSRV01 sshd[2243]: Accepted password for eilay from 192.168.2.10 port 50714 ssh2
Jan 23 12:30:43 UBUSRV01 sshd[2243]: pam_unix(sshd:session): session opened for user eilay(uid=1000) by (uid=0)
Jan 23 12:30:43 UBUSRV01 systemd-logind[662]: New session 5 of user eilay.
Jan 23 12:30:47 UBUSRV01 sudo: pam_unix(sudo:auth): authentication failure; logname=eilay uid=1000 euid=0 tty=/dev/pts/3 ruser=eilay rhost=  user=eilay
Jan 23 12:31:08 UBUSRV01 sudo: message repeated 2 times: [ pam_unix(sudo:auth): authentication failure; logname=eilay uid=1000 euid=0 tty=/dev/pts/3 ruser=eilay rhost=  user=eilay]
Jan 23 12:31:13 UBUSRV01 sudo: pam_unix(sudo:auth): conversation failed
Jan 23 12:31:13 UBUSRV01 sudo: pam_unix(sudo:auth): auth could not identify password for [eilay]
Jan 23 12:31:13 UBUSRV01 sudo:    eilay : 1 incorrect password attempt ; TTY=pts/3 ; PWD=/home/eilay ; USER=root ; COMMAND=/usr/bin/su
Jan 23 12:31:13 UBUSRV01 sudo: pam_unix(sudo:auth): conversation failed
Jan 23 12:31:13 UBUSRV01 sudo: pam_unix(sudo:auth): auth could not identify password for [eilay]
Jan 23 12:31:13 UBUSRV01 sudo:    eilay : 1 incorrect password attempt ; TTY=pts/3 ; PWD=/home/eilay ; USER=root ; COMMAND=/usr/bin/su
Jan 23 12:31:13 UBUSRV01 sshd[2298]: Received disconnect from 192.168.2.10 port 50714:11: disconnected by user
Jan 23 12:31:13 UBUSRV01 sshd[2298]: Disconnected from user eilay 192.168.2.10 port 50714
Jan 23 12:31:13 UBUSRV01 sudo: pam_unix(sudo:auth): conversation failed
Jan 23 12:31:13 UBUSRV01 sudo: pam_unix(sudo:auth): auth could not identify password for [eilay]
Jan 23 12:31:13 UBUSRV01 sudo:    eilay : 1 incorrect password attempt ; TTY=pts/3 ; PWD=/home/eilay ; USER=root ; COMMAND=suy
Jan 23 12:31:13 UBUSRV01 sshd[2243]: pam_unix(sshd:session): session closed for user eilay
Jan 23 12:31:13 UBUSRV01 systemd-logind[662]: Session 5 logged out. Waiting for processes to exit.
Jan 23 12:31:13 UBUSRV01 systemd-logind[662]: Removed session 5.
Jan 23 12:31:18 UBUSRV01 sshd[2340]: Accepted password for eilay from 192.168.2.10 port 50729 ssh2
Jan 23 12:31:18 UBUSRV01 sshd[2340]: pam_unix(sshd:session): session opened for user eilay(uid=1000) by (uid=0)
Jan 23 12:31:18 UBUSRV01 systemd-logind[662]: New session 6 of user eilay.
Jan 23 12:31:24 UBUSRV01 sudo:    eilay : TTY=pts/3 ; PWD=/home/eilay ; USER=root ; COMMAND=/usr/bin/su
Jan 23 12:31:24 UBUSRV01 sudo: pam_unix(sudo:session): session opened for user root(uid=0) by eilay(uid=1000)
Jan 23 12:31:24 UBUSRV01 su: (to root) root on pts/4
Jan 23 12:31:24 UBUSRV01 su: pam_unix(su:session): session opened for user root(uid=0) by eilay(uid=0)
Jan 23 12:33:54 UBUSRV01 sshd[749]: Received signal 15; terminating.
Jan 23 12:33:54 UBUSRV01 sshd[14024]: Server listening on 0.0.0.0 port 22.
Jan 23 12:33:54 UBUSRV01 sshd[14024]: Server listening on :: port 22.
Jan 23 12:34:33 UBUSRV01 groupadd[14188]: group added to /etc/group: name=ssl-cert, GID=119
Jan 23 12:34:33 UBUSRV01 groupadd[14188]: group added to /etc/gshadow: name=ssl-cert
Jan 23 12:34:33 UBUSRV01 groupadd[14188]: new group: name=ssl-cert, GID=119
Jan 23 12:34:33 UBUSRV01 groupadd[14223]: group added to /etc/group: name=ftp, GID=120
Jan 23 12:34:33 UBUSRV01 groupadd[14223]: group added to /etc/gshadow: name=ftp
Jan 23 12:34:33 UBUSRV01 groupadd[14223]: new group: name=ftp, GID=120
Jan 23 12:34:34 UBUSRV01 useradd[14229]: new user: name=ftp, UID=114, GID=120, home=/srv/ftp, shell=/usr/sbin/nologin, from=none
Jan 23 12:34:34 UBUSRV01 usermod[14236]: change user 'ftp' password
Jan 23 12:34:34 UBUSRV01 chage[14243]: changed password expiry for ftp
Jan 23 12:34:34 UBUSRV01 chfn[14247]: changed user 'ftp' information
Jan 23 12:35:03 UBUSRV01 sudo:     root : TTY=pts/4 ; PWD=/ ; USER=root ; COMMAND=/usr/bin/nano /etc/vsftpd.conf
Jan 23 12:35:03 UBUSRV01 sudo: pam_unix(sudo:session): session opened for user root(uid=0) by eilay(uid=0)
Jan 23 12:35:30 UBUSRV01 sudo: pam_unix(sudo:session): session closed for user root
Jan 23 12:37:05 UBUSRV01 sudo:     root : TTY=pts/4 ; PWD=/ ; USER=root ; COMMAND=/usr/bin/nano /etc/vsftpd.conf
Jan 23 12:37:05 UBUSRV01 sudo: pam_unix(sudo:session): session opened for user root(uid=0) by eilay(uid=0)
Jan 23 12:38:18 UBUSRV01 sudo: pam_unix(sudo:session): session closed for user root
Jan 23 12:39:25 UBUSRV01 sudo:     root : TTY=pts/4 ; PWD=/ ; USER=root ; COMMAND=/usr/bin/systemctl restart vsftpd
Jan 23 12:39:25 UBUSRV01 sudo: pam_unix(sudo:session): session opened for user root(uid=0) by eilay(uid=0)
Jan 23 12:39:25 UBUSRV01 sudo: pam_unix(sudo:session): session closed for user root
Jan 23 12:39:45 UBUSRV01 sudo:     root : TTY=pts/4 ; PWD=/ ; USER=root ; COMMAND=/usr/sbin/ufw allow 21
Jan 23 12:39:45 UBUSRV01 sudo: pam_unix(sudo:session): session opened for user root(uid=0) by eilay(uid=0)
Jan 23 12:39:45 UBUSRV01 sudo: pam_unix(sudo:session): session closed for user root
Jan 23 12:39:55 UBUSRV01 sudo:     root : TTY=pts/4 ; PWD=/ ; USER=root ; COMMAND=/usr/sbin/ufw reload
Jan 23 12:39:55 UBUSRV01 sudo: pam_unix(sudo:session): session opened for user root(uid=0) by eilay(uid=0)
Jan 23 12:39:55 UBUSRV01 sudo: pam_unix(sudo:session): session closed for user root
Jan 23 12:40:50 UBUSRV01 sshd[14475]: Accepted password for eilay from 192.168.2.10 port 50945 ssh2
Jan 23 12:40:50 UBUSRV01 sshd[14475]: pam_unix(sshd:session): session opened for user eilay(uid=1000) by (uid=0)
Jan 23 12:40:50 UBUSRV01 systemd-logind[662]: New session 7 of user eilay.
Jan 23 12:40:51 UBUSRV01 sshd[14530]: Received disconnect from 192.168.2.10 port 50945:11: disconnected by user
Jan 23 12:40:51 UBUSRV01 sshd[14530]: Disconnected from user eilay 192.168.2.10 port 50945
Jan 23 12:40:51 UBUSRV01 sshd[14475]: pam_unix(sshd:session): session closed for user eilay
Jan 23 12:40:51 UBUSRV01 systemd-logind[662]: Session 7 logged out. Waiting for processes to exit.
Jan 23 12:40:51 UBUSRV01 systemd-logind[662]: Removed session 7.
Jan 23 12:43:34 UBUSRV01 sshd[14535]: Accepted password for eilay from 192.168.2.10 port 51013 ssh2
Jan 23 12:43:34 UBUSRV01 sshd[14535]: pam_unix(sshd:session): session opened for user eilay(uid=1000) by (uid=0)
Jan 23 12:43:34 UBUSRV01 systemd-logind[662]: New session 8 of user eilay.
Jan 23 12:43:35 UBUSRV01 sshd[14631]: Received disconnect from 192.168.2.10 port 51013:11: disconnected by user
Jan 23 12:43:35 UBUSRV01 sshd[14631]: Disconnected from user eilay 192.168.2.10 port 51013
Jan 23 12:43:35 UBUSRV01 sshd[14535]: pam_unix(sshd:session): session closed for user eilay
Jan 23 12:43:35 UBUSRV01 systemd-logind[662]: Session 8 logged out. Waiting for processes to exit.
Jan 23 12:43:35 UBUSRV01 systemd-logind[662]: Removed session 8.
Jan 23 12:47:54 UBUSRV01 sudo:     root : TTY=pts/4 ; PWD=/ ; USER=root ; COMMAND=/usr/bin/nano /etc/vsftpd.conf
Jan 23 12:47:54 UBUSRV01 sudo: pam_unix(sudo:session): session opened for user root(uid=0) by eilay(uid=0)
Jan 23 12:48:39 UBUSRV01 sudo: pam_unix(sudo:session): session closed for user root
Jan 23 12:48:59 UBUSRV01 sudo:     root : TTY=pts/4 ; PWD=/ ; USER=root ; COMMAND=/usr/bin/systemctl restart vsftpd
Jan 23 12:48:59 UBUSRV01 sudo: pam_unix(sudo:session): session opened for user root(uid=0) by eilay(uid=0)
Jan 23 12:48:59 UBUSRV01 sudo: pam_unix(sudo:session): session closed for user root
Jan 23 12:50:34 UBUSRV01 systemd-logind[667]: New seat seat0.
Jan 23 12:50:34 UBUSRV01 systemd-logind[667]: Watching system buttons on /dev/input/event0 (Power Button)
Jan 23 12:50:34 UBUSRV01 systemd-logind[667]: Watching system buttons on /dev/input/event1 (Sleep Button)
Jan 23 12:50:34 UBUSRV01 systemd-logind[667]: Watching system buttons on /dev/input/event2 (AT Translated Set 2 keyboard)
Jan 23 12:50:35 UBUSRV01 sshd[756]: Server listening on 0.0.0.0 port 22.
Jan 23 12:50:35 UBUSRV01 sshd[756]: Server listening on :: port 22.
Jan 23 12:51:03 UBUSRV01 sshd[1077]: Accepted password for eilay from 192.168.2.10 port 64725 ssh2
Jan 23 12:51:03 UBUSRV01 sshd[1077]: pam_unix(sshd:session): session opened for user eilay(uid=1000) by (uid=0)
Jan 23 12:51:03 UBUSRV01 systemd-logind[667]: New session 1 of user eilay.
Jan 23 12:51:04 UBUSRV01 systemd: pam_unix(systemd-user:session): session opened for user eilay(uid=1000) by (uid=0)
Jan 23 12:51:11 UBUSRV01 sudo:    eilay : TTY=pts/0 ; PWD=/home/eilay ; USER=root ; COMMAND=/usr/bin/su
Jan 23 12:51:11 UBUSRV01 sudo: pam_unix(sudo:session): session opened for user root(uid=0) by eilay(uid=1000)
Jan 23 12:51:11 UBUSRV01 su: (to root) root on pts/1
Jan 23 12:51:11 UBUSRV01 su: pam_unix(su:session): session opened for user root(uid=0) by eilay(uid=0)
Jan 23 12:51:40 UBUSRV01 sshd[1204]: Accepted password for eilay from 192.168.2.10 port 64739 ssh2
Jan 23 12:51:40 UBUSRV01 sshd[1204]: pam_unix(sshd:session): session opened for user eilay(uid=1000) by (uid=0)
Jan 23 12:51:40 UBUSRV01 systemd-logind[667]: New session 3 of user eilay.
Jan 23 12:51:42 UBUSRV01 sshd[1204]: pam_unix(sshd:session): session closed for user eilay
Jan 23 12:51:42 UBUSRV01 systemd-logind[667]: Session 3 logged out. Waiting for processes to exit.
Jan 23 12:51:42 UBUSRV01 systemd-logind[667]: Removed session 3.
Jan 23 12:54:37 UBUSRV01 vsftpd: pam_unix(vsftpd:auth): authentication failure; logname= uid=0 euid=0 tty=ftp ruser=eilay rhost=::ffff:192.168.2.10  user=eilay
Jan 23 13:17:02 UBUSRV01 CRON[1283]: pam_unix(cron:session): session opened for user root(uid=0) by (uid=0)
Jan 23 13:17:02 UBUSRV01 CRON[1283]: pam_unix(cron:session): session closed for user root
Jan 23 14:17:01 UBUSRV01 CRON[1295]: pam_unix(cron:session): session opened for user root(uid=0) by (uid=0)
Jan 23 14:17:01 UBUSRV01 CRON[1295]: pam_unix(cron:session): session closed for user root
Jan 23 15:17:01 UBUSRV01 CRON[1305]: pam_unix(cron:session): session opened for user root(uid=0) by (uid=0)
Jan 23 15:17:02 UBUSRV01 CRON[1305]: pam_unix(cron:session): session closed for user root
Jan 23 16:17:01 UBUSRV01 CRON[1316]: pam_unix(cron:session): session opened for user root(uid=0) by (uid=0)
Jan 23 16:17:01 UBUSRV01 CRON[1316]: pam_unix(cron:session): session closed for user root
Jan 23 19:42:05 UBUSRV01 systemd-logind[662]: Watching system buttons on /dev/input/event0 (Power Button)
Jan 23 19:42:05 UBUSRV01 systemd-logind[662]: Watching system buttons on /dev/input/event1 (Sleep Button)
Jan 23 19:42:05 UBUSRV01 systemd-logind[662]: Watching system buttons on /dev/input/event2 (AT Translated Set 2 keyboard)
Jan 23 19:42:06 UBUSRV01 sshd[751]: Server listening on 0.0.0.0 port 22.
Jan 23 19:42:06 UBUSRV01 sshd[751]: Server listening on :: port 22.
Jan 23 19:42:32 UBUSRV01 sshd[1078]: pam_unix(sshd:auth): authentication failure; logname= uid=0 euid=0 tty=ssh ruser= rhost=192.168.2.10  user=eilay
Jan 23 19:42:34 UBUSRV01 sshd[1078]: Failed password for eilay from 192.168.2.10 port 55637 ssh2
Jan 23 19:42:38 UBUSRV01 sshd[1078]: Accepted password for eilay from 192.168.2.10 port 55637 ssh2
Jan 23 19:42:38 UBUSRV01 sshd[1078]: pam_unix(sshd:session): session opened for user eilay(uid=1000) by (uid=0)
Jan 23 19:42:38 UBUSRV01 systemd-logind[662]: New session 1 of user eilay.
Jan 23 19:42:38 UBUSRV01 systemd: pam_unix(systemd-user:session): session opened for user eilay(uid=1000) by (uid=0)
Jan 23 19:42:46 UBUSRV01 sudo:    eilay : TTY=pts/0 ; PWD=/home/eilay ; USER=root ; COMMAND=/usr/bin/su
Jan 23 19:42:46 UBUSRV01 sudo: pam_unix(sudo:session): session opened for user root(uid=0) by eilay(uid=1000)
Jan 23 19:42:46 UBUSRV01 su: (to root) root on pts/1
Jan 23 19:42:46 UBUSRV01 su: pam_unix(su:session): session opened for user root(uid=0) by eilay(uid=0)
Jan 23 19:42:52 UBUSRV01 su: pam_unix(su:session): session closed for user root
Jan 23 19:42:52 UBUSRV01 sudo: pam_unix(sudo:session): session closed for user root
Jan 23 19:43:09 UBUSRV01 sudo:    eilay : TTY=pts/0 ; PWD=/home/eilay ; USER=root ; COMMAND=/usr/sbin/usermod
Jan 23 19:43:09 UBUSRV01 sudo: pam_unix(sudo:session): session opened for user root(uid=0) by eilay(uid=1000)
Jan 23 19:43:09 UBUSRV01 sudo: pam_unix(sudo:session): session closed for user root
Jan 23 19:43:33 UBUSRV01 sudo:    eilay : TTY=pts/0 ; PWD=/home/eilay ; USER=root ; COMMAND=/usr/sbin/usermod
Jan 23 19:43:33 UBUSRV01 sudo: pam_unix(sudo:session): session opened for user root(uid=0) by eilay(uid=1000)
Jan 23 19:43:33 UBUSRV01 sudo: pam_unix(sudo:session): session closed for user root
Jan 23 19:43:45 UBUSRV01 sudo:    eilay : TTY=pts/0 ; PWD=/home/eilay ; USER=root ; COMMAND=/usr/sbin/useradd
Jan 23 19:43:45 UBUSRV01 sudo: pam_unix(sudo:session): session opened for user root(uid=0) by eilay(uid=1000)
Jan 23 19:43:45 UBUSRV01 sudo: pam_unix(sudo:session): session closed for user root
Jan 23 19:45:13 UBUSRV01 sshd[1220]: Accepted password for eilay from 192.168.2.10 port 55701 ssh2
Jan 23 19:45:13 UBUSRV01 sshd[1220]: pam_unix(sshd:session): session opened for user eilay(uid=1000) by (uid=0)
Jan 23 19:45:13 UBUSRV01 systemd-logind[662]: New session 3 of user eilay.
Jan 23 19:45:14 UBUSRV01 sshd[1275]: Received disconnect from 192.168.2.10 port 55701:11: disconnected by user
Jan 23 19:45:14 UBUSRV01 sshd[1275]: Disconnected from user eilay 192.168.2.10 port 55701
Jan 23 19:45:14 UBUSRV01 sshd[1220]: pam_unix(sshd:session): session closed for user eilay
Jan 23 19:45:14 UBUSRV01 systemd-logind[662]: Session 3 logged out. Waiting for processes to exit.
Jan 23 19:45:14 UBUSRV01 systemd-logind[662]: Removed session 3.
Jan 23 20:04:32 UBUSRV01 sudo:    eilay : TTY=pts/0 ; PWD=/home/eilay ; USER=root ; COMMAND=/usr/bin/su
Jan 23 20:04:32 UBUSRV01 sudo: pam_unix(sudo:session): session opened for user root(uid=0) by eilay(uid=1000)
Jan 23 20:04:32 UBUSRV01 su: (to root) root on pts/1
Jan 23 20:04:32 UBUSRV01 su: pam_unix(su:session): session opened for user root(uid=0) by eilay(uid=0)
Jan 23 20:04:33 UBUSRV01 su: pam_unix(su:session): session closed for user root
Jan 23 20:04:33 UBUSRV01 sudo: pam_unix(sudo:session): session closed for user root
Jan 23 20:10:38 UBUSRV01 login[675]: pam_unix(login:session): session opened for user eilay(uid=1000) by LOGIN(uid=0)
Jan 23 20:10:38 UBUSRV01 systemd-logind[662]: New session 4 of user eilay.
Jan 23 20:17:01 UBUSRV01 CRON[1388]: pam_unix(cron:session): session opened for user root(uid=0) by (uid=0)
Jan 23 20:17:01 UBUSRV01 CRON[1388]: pam_unix(cron:session): session closed for user root
Jan 23 21:17:01 UBUSRV01 CRON[1399]: pam_unix(cron:session): session opened for user root(uid=0) by (uid=0)
Jan 23 21:17:04 UBUSRV01 CRON[1399]: pam_unix(cron:session): session closed for user root
Jan 23 22:11:22 UBUSRV01 sudo:    eilay : TTY=pts/0 ; PWD=/home/eilay ; USER=root ; COMMAND=/usr/bin/su
Jan 23 22:11:22 UBUSRV01 sudo: pam_unix(sudo:session): session opened for user root(uid=0) by eilay(uid=1000)
Jan 23 22:11:22 UBUSRV01 su: (to root) root on pts/1
Jan 23 22:11:22 UBUSRV01 su: pam_unix(su:session): session opened for user root(uid=0) by eilay(uid=0)
Jan 23 22:11:54 UBUSRV01 su: pam_unix(su:session): session closed for user root
Jan 23 22:11:54 UBUSRV01 sudo: pam_unix(sudo:session): session closed for user root
Jan 23 22:11:58 UBUSRV01 su: pam_unix(su:auth): authentication failure; logname=eilay uid=1000 euid=0 tty=/dev/pts/0 ruser=eilay rhost=  user=root
Jan 23 22:12:00 UBUSRV01 su: FAILED SU (to root) eilay on pts/0
Jan 23 22:12:06 UBUSRV01 su: pam_unix(su:auth): authentication failure; logname=eilay uid=1000 euid=0 tty=/dev/pts/0 ruser=eilay rhost=  user=root
Jan 23 22:12:07 UBUSRV01 su: FAILED SU (to root) eilay on pts/0
Jan 23 22:13:06 UBUSRV01 su: pam_unix(su:auth): authentication failure; logname=eilay uid=1000 euid=0 tty=/dev/pts/0 ruser=eilay rhost=  user=root
Jan 23 22:13:08 UBUSRV01 su: FAILED SU (to root) eilay on pts/0
Jan 23 22:16:35 UBUSRV01 su: pam_unix(su:auth): authentication failure; logname=eilay uid=1000 euid=0 tty=/dev/pts/0 ruser=eilay rhost=  user=root
Jan 23 22:16:37 UBUSRV01 su: FAILED SU (to root) eilay on pts/0
Jan 23 22:17:01 UBUSRV01 CRON[1484]: pam_unix(cron:session): session opened for user root(uid=0) by (uid=0)
Jan 23 22:17:01 UBUSRV01 CRON[1484]: pam_unix(cron:session): session closed for user root
Jan 23 22:17:30 UBUSRV01 sudo:    eilay : TTY=pts/0 ; PWD=/home/eilay ; USER=root ; COMMAND=/usr/bin/su
Jan 23 22:17:30 UBUSRV01 sudo: pam_unix(sudo:session): session opened for user root(uid=0) by eilay(uid=1000)
Jan 23 22:17:30 UBUSRV01 su: (to root) root on pts/1
Jan 23 22:17:30 UBUSRV01 su: pam_unix(su:session): session opened for user root(uid=0) by eilay(uid=0)
Jan 23 22:17:32 UBUSRV01 su: (to eilay) root on pts/1
Jan 23 22:17:32 UBUSRV01 su: pam_unix(su:session): session opened for user eilay(uid=1000) by eilay(uid=0)
Jan 23 22:17:37 UBUSRV01 su: pam_unix(su:auth): authentication failure; logname=eilay uid=1000 euid=0 tty=/dev/pts/1 ruser=eilay rhost=  user=root
Jan 23 22:17:39 UBUSRV01 su: FAILED SU (to root) eilay on pts/1
Jan 23 22:17:48 UBUSRV01 su: pam_unix(su:auth): authentication failure; logname=eilay uid=1000 euid=0 tty=/dev/pts/1 ruser=eilay rhost=  user=root
Jan 23 22:17:49 UBUSRV01 su: FAILED SU (to root) eilay on pts/1
Jan 23 22:18:18 UBUSRV01 sudo:    eilay : TTY=pts/1 ; PWD=/home/eilay ; USER=root ; COMMAND=/usr/bin/su
Jan 23 22:18:18 UBUSRV01 sudo: pam_unix(sudo:session): session opened for user root(uid=0) by eilay(uid=1000)
Jan 23 22:18:18 UBUSRV01 su: (to root) root on pts/2
Jan 23 22:18:18 UBUSRV01 su: pam_unix(su:session): session opened for user root(uid=0) by eilay(uid=0)
Jan 23 22:18:19 UBUSRV01 su: (to root) root on pts/2
Jan 23 22:18:19 UBUSRV01 su: pam_unix(su:session): session opened for user root(uid=0) by eilay(uid=0)
Jan 23 22:18:22 UBUSRV01 su: (to root) root on pts/2
Jan 23 22:18:22 UBUSRV01 su: pam_unix(su:session): session opened for user root(uid=0) by eilay(uid=0)
Jan 23 22:19:09 UBUSRV01 su: pam_unix(su:session): session closed for user root
Jan 23 22:19:14 UBUSRV01 su: message repeated 2 times: [ pam_unix(su:session): session closed for user root]
Jan 23 22:19:14 UBUSRV01 sudo: pam_unix(sudo:session): session closed for user root
Jan 23 22:19:16 UBUSRV01 sudo:    eilay : TTY=pts/1 ; PWD=/home/eilay ; USER=root ; COMMAND=/usr/bin/su
Jan 23 22:19:16 UBUSRV01 sudo: pam_unix(sudo:session): session opened for user root(uid=0) by eilay(uid=1000)
Jan 23 22:19:16 UBUSRV01 su: (to root) root on pts/2
Jan 23 22:19:16 UBUSRV01 su: pam_unix(su:session): session opened for user root(uid=0) by eilay(uid=0)
Jan 23 22:19:18 UBUSRV01 su: pam_unix(su:session): session closed for user root
Jan 23 22:19:18 UBUSRV01 sudo: pam_unix(sudo:session): session closed for user root
Jan 23 23:17:01 UBUSRV01 CRON[1547]: pam_unix(cron:session): session opened for user root(uid=0) by (uid=0)
Jan 23 23:17:04 UBUSRV01 CRON[1547]: pam_unix(cron:session): session closed for user root
Jan 23 23:27:31 UBUSRV01 sshd[1552]: Accepted password for eilay from 192.168.2.10 port 61449 ssh2
Jan 23 23:27:31 UBUSRV01 sshd[1552]: pam_unix(sshd:session): session opened for user eilay(uid=1000) by (uid=0)
Jan 23 23:27:31 UBUSRV01 systemd-logind[662]: New session 9 of user eilay.